  main.cpp
C:\Users\USER\Documents\data-structure-lab-2024\Chap02_Array_Class\Chap02_Class_Example\Car.h(34,10): warning C4477: 'printf' : 서식 문자열 '%x'에 'unsigned int' 형식의 인수가 필요하지만 variadic 인수 1의 형식이 'Car *'입니다.
  (소스 파일 'main.cpp'을(를) 컴파일하는 중)
  
C:\Users\USER\Documents\data-structure-lab-2024\Chap02_Array_Class\Chap02_Class_Example\Car.h(34,10): warning C4313: 'printf': 서식 문자열의 '%x'이(가) Car *' 형식의 인수 1과(와) 충돌합니다.
  (소스 파일 'main.cpp'을(를) 컴파일하는 중)
  
C:\Users\USER\Documents\data-structure-lab-2024\Chap02_Array_Class\Chap02_Class_Example\Rectangle.h(4,17): error C2062: 예기치 않은 'double' 형식입니다.
  (소스 파일 'main.cpp'을(를) 컴파일하는 중)
  
C:\Users\USER\Documents\data-structure-lab-2024\Chap02_Array_Class\Chap02_Class_Example\Rectangle.h(4,37): error C2143: 구문 오류: ';'이(가) '{' 앞에 없습니다.
  (소스 파일 'main.cpp'을(를) 컴파일하는 중)
  
C:\Users\USER\Documents\data-structure-lab-2024\Chap02_Array_Class\Chap02_Class_Example\Rectangle.h(4,37): error C2447: '{': 함수 헤더가 없습니다. 이전 스타일의 형식 목록입니까?
  (소스 파일 'main.cpp'을(를) 컴파일하는 중)
  
C:\Users\USER\Documents\data-structure-lab-2024\Chap02_Array_Class\Chap02_Class_Example\Rectangle.h(10,9): error C2065: 'width': 선언되지 않은 식별자입니다.
  (소스 파일 'main.cpp'을(를) 컴파일하는 중)
  
C:\Users\USER\Documents\data-structure-lab-2024\Chap02_Array_Class\Chap02_Class_Example\Rectangle.h(10,17): error C2065: 'height': 선언되지 않은 식별자입니다.
  (소스 파일 'main.cpp'을(를) 컴파일하는 중)
  
C:\Users\USER\Documents\data-structure-lab-2024\Chap02_Array_Class\Chap02_Class_Example\Rectangle.h(13,14): error C2065: 'wudtg': 선언되지 않은 식별자입니다.
  (소스 파일 'main.cpp'을(를) 컴파일하는 중)
  
C:\Users\USER\Documents\data-structure-lab-2024\Chap02_Array_Class\Chap02_Class_Example\Rectangle.h(13,22): error C2065: 'height': 선언되지 않은 식별자입니다.
  (소스 파일 'main.cpp'을(를) 컴파일하는 중)
  
C:\Users\USER\Documents\data-structure-lab-2024\Chap02_Array_Class\Chap02_Class_Example\Rectangle.h(16,9): error C2065: 'width': 선언되지 않은 식별자입니다.
  (소스 파일 'main.cpp'을(를) 컴파일하는 중)
  
C:\Users\USER\Documents\data-structure-lab-2024\Chap02_Array_Class\Chap02_Class_Example\Rectangle.h(16,18): error C2065: 'height': 선언되지 않은 식별자입니다.
  (소스 파일 'main.cpp'을(를) 컴파일하는 중)
  
C:\Users\USER\Documents\data-structure-lab-2024\Chap02_Array_Class\Chap02_Class_Example\main.cpp(18,15): error C2079: 'r'은(는) 정의되지 않은 class 'Rectangle'을(를) 사용합니다.
C:\Users\USER\Documents\data-structure-lab-2024\Chap02_Array_Class\Chap02_Class_Example\main.cpp(18,16): error C2440: '초기화 중': 'initializer list'에서 'int'(으)로 변환할 수 없습니다.
  C:\Users\USER\Documents\data-structure-lab-2024\Chap02_Array_Class\Chap02_Class_Example\main.cpp(18,16):
  이니셜라이저에 요소가 너무 많습니다.
  
